<?xml version="1.0" encoding="UTF-8"?>
<testsuite xmlns:xsi="http://www.w3.org/2001/XMLSchema-instance" xsi:noNamespaceSchemaLocation="https://maven.apache.org/surefire/maven-surefire-plugin/xsd/surefire-test-report.xsd" version="3.0.1" name="com.grupo.TresEnRayaTest" time="0.074" tests="8" errors="0" skipped="0" failures="1">
  <properties>
[...]
</properties>
  <testcase name="fueraDelEjeYDebeLanzarExcepcion" classname="com.grupo.TresEnRayaTest" time="0.02"/>
  <testcase name="reiniciarDejaTableroVacio" classname="com.grupo.TresEnRayaTest" time="0.002"/>
  <testcase name="fueraDelEjeXDebeLanzarExcepcion" classname="com.grupo.TresEnRayaTest" time="0.003"/>
  <testcase name="lugarOcupadoDebeLanzarExcepcion" classname="com.grupo.TresEnRayaTest" time="0.005"/>
  <testcase name="verificarTableroLleno" classname="com.grupo.TresEnRayaTest" time="0.001"/>
  <testcase name="tableroEmpatadoNoTieneGanador" classname="com.grupo.TresEnRayaTest" time="0.005">
    <failure message="expected: &lt;false&gt; but was: &lt;true&gt;" type="org.opentest4j.AssertionFailedError"><![CDATA[org.opentest4j.AssertionFailedError: expected: <false> but was: <true>
	at org.junit.jupiter.api.AssertionFailureBuilder.build(AssertionFailureBuilder.java:151)
	at org.junit.jupiter.api.AssertionFailureBuilder.buildAndThrow(AssertionFailureBuilder.java:132)
	at org.junit.jupiter.api.AssertFalse.failNotFalse(AssertFalse.java:63)
	at org.junit.jupiter.api.AssertFalse.assertFalse(AssertFalse.java:36)
	at org.junit.jupiter.api.AssertFalse.assertFalse(AssertFalse.java:31)
	at org.junit.jupiter.api.Assertions.assertFalse(Assertions.java:231)
	at com.grupo.TresEnRayaTest.tableroEmpatadoNoTieneGanador(TresEnRayaTest.java:74)
	at java.base/java.lang.reflect.Method.invoke(Method.java:580)
	at java.base/java.util.ArrayList.forEach(ArrayList.java:1597)
	at java.base/java.util.ArrayList.forEach(ArrayList.java:1597)
]]></failure>
  </testcase>
  <testcase name="primerTurnoDebeSerX" classname="com.grupo.TresEnRayaTest" time="0.001"/>
  <testcase name="turnoDebeAlternarEntreXyMas" classname="com.grupo.TresEnRayaTest" time="0.001"/>
</testsuite>